app/build/intermediates/manifest_merge_blame_file/debug/manifest-merger-blame-debug-report.txt
1<?xml version="1.0" encoding="utf-8"?>
2<manifest xmlns:android="http://schemas.android.com/apk/res/android"
3    package="com.example.crimescene"
4    android:versionCode="1"
5    android:versionName="1.0" >
6
7    <uses-sdk
8        android:minSdkVersion="23"
8-->src\main\AndroidManifest.xml
9        android:targetSdkVersion="29" />
9-->src\main\AndroidManifest.xml
10
11    <uses-permission android:name="android.permission.INTERNET" />
11-->src\main\AndroidManifest.xml:5:5-67
11-->src\main\AndroidManifest.xml:5:22-64
12    <uses-permission android:name="android.permission.WRITE_EXTERNAL_STORAGE" />
12-->src\main\AndroidManifest.xml:6:5-81
12-->src\main\AndroidManifest.xml:6:22-78
13    <uses-permission android:name="android.permission.RECORD_AUDIO" />
13-->src\main\AndroidManifest.xml:7:5-71
13-->src\main\AndroidManifest.xml:7:22-68
14
15    <!-- Although the *SdkVersion is captured in gradle build files, this is required for non gradle builds -->
16    <!-- <uses-sdk android:minSdkVersion="14" /> -->
17    <uses-permission android:name="android.permission.ACCESS_NETWORK_STATE" />
17-->[com.google.firebase:firebase-firestore:21.4.1] AndroidManifest.xml:13:5-79
17-->[com.google.firebase:firebase-firestore:21.4.1] AndroidManifest.xml:13:22-76
18    <uses-permission android:name="android.permission.WAKE_LOCK" /> <!-- Required by older versions of Google Play services to create IID tokens -->
18-->[com.google.android.gms:play-services-measurement-api:17.3.0] AndroidManifest.xml:24:5-68
18-->[com.google.android.gms:play-services-measurement-api:17.3.0] AndroidManifest.xml:24:22-65
19    <uses-permission android:name="com.google.android.c2dm.permission.RECEIVE" />
19-->[com.google.firebase:firebase-iid:20.0.2] AndroidManifest.xml:26:5-82
19-->[com.google.firebase:firebase-iid:20.0.2] AndroidManifest.xml:26:22-79
20    <uses-permission android:name="com.google.android.finsky.permission.BIND_GET_INSTALL_REFERRER_SERVICE" />
20-->[com.google.android.gms:play-services-measurement:17.3.0] AndroidManifest.xml:26:5-110
20-->[com.google.android.gms:play-services-measurement:17.3.0] AndroidManifest.xml:26:22-107
21
22    <application
22-->src\main\AndroidManifest.xml:9:5-42:19
23        android:name="androidx.multidex.MultiDexApplication"
23-->src\main\AndroidManifest.xml:10:9-61
24        android:allowBackup="true"
24-->src\main\AndroidManifest.xml:11:9-35
25        android:appComponentFactory="androidx.core.app.CoreComponentFactory"
25-->[androidx.core:core:1.1.0] AndroidManifest.xml:24:18-86
26        android:debuggable="true"
27        android:extractNativeLibs="false"
28        android:icon="@mipmap/ic_launcher"
28-->src\main\AndroidManifest.xml:12:9-43
29        android:label="@string/app_name"
29-->src\main\AndroidManifest.xml:13:9-41
30        android:largeHeap="true"
30-->src\main\AndroidManifest.xml:14:9-33
31        android:roundIcon="@mipmap/ic_launcher_round"
31-->src\main\AndroidManifest.xml:15:9-54
32        android:supportsRtl="true"
32-->src\main\AndroidManifest.xml:16:9-35
33        android:testOnly="true"
34        android:theme="@style/AppTheme"
34-->src\main\AndroidManifest.xml:17:9-40
35        android:usesCleartextTraffic="true" >
35-->src\main\AndroidManifest.xml:18:9-44
36        <activity android:name="com.example.crimescene.AddFileActivity" />
36-->src\main\AndroidManifest.xml:19:9-62
36-->src\main\AndroidManifest.xml:19:19-50
37        <activity android:name="com.example.crimescene.MainActivity" />
37-->src\main\AndroidManifest.xml:20:9-50
37-->src\main\AndroidManifest.xml:20:19-47
38
39        <meta-data
40            android:name="pdftron_license_key"
40-->src\main\AndroidManifest.xml:23:13-47
41            android:value="" />
41-->src\main\AndroidManifest.xml:24:13-49
42
43        <activity
43-->src\main\AndroidManifest.xml:26:9-30:55
44            android:name="com.pdftron.pdf.controls.DocumentActivity"
44-->src\main\AndroidManifest.xml:27:13-69
45            android:configChanges="keyboardHidden|orientation|screenLayout|screenLayout|smallestScreenSize"
45-->src\main\AndroidManifest.xml:28:13-108
46            android:theme="@style/CustomAppTheme"
46-->src\main\AndroidManifest.xml:29:13-50
47            android:windowSoftInputMode="adjustPan" />
47-->src\main\AndroidManifest.xml:30:13-52
48        <activity android:name="com.example.crimescene.LoginActivity" >
48-->src\main\AndroidManifest.xml:31:9-37:20
48-->src\main\AndroidManifest.xml:31:19-48
49            <intent-filter>
49-->src\main\AndroidManifest.xml:32:13-36:29
50                <action android:name="android.intent.action.MAIN" />
50-->src\main\AndroidManifest.xml:33:17-69
50-->src\main\AndroidManifest.xml:33:25-66
51
52                <category android:name="android.intent.category.LAUNCHER" />
52-->src\main\AndroidManifest.xml:35:17-77
52-->src\main\AndroidManifest.xml:35:27-74
53            </intent-filter>
54        </activity>
55
56        <meta-data
56-->src\main\AndroidManifest.xml:39:9-41:57
57            android:name="preloaded_fonts"
57-->src\main\AndroidManifest.xml:40:13-43
58            android:resource="@array/preloaded_fonts" />
58-->src\main\AndroidManifest.xml:41:13-54
59
60        <provider
60-->[com.pdftron:tools:7.1.1] AndroidManifest.xml:19:9-27:20
61            android:name="com.pdftron.pdf.utils.ShareProvider"
61-->[com.pdftron:tools:7.1.1] AndroidManifest.xml:20:13-63
62            android:authorities="com.example.crimescene.pdftron.fileprovider"
62-->[com.pdftron:tools:7.1.1] AndroidManifest.xml:21:13-72
63            android:exported="false"
63-->[com.pdftron:tools:7.1.1] AndroidManifest.xml:22:13-37
64            android:grantUriPermissions="true" >
64-->[com.pdftron:tools:7.1.1] AndroidManifest.xml:23:13-47
65            <meta-data
65-->[com.pdftron:tools:7.1.1] AndroidManifest.xml:24:13-26:58
66                android:name="android.support.FILE_PROVIDER_PATHS"
66-->[com.pdftron:tools:7.1.1] AndroidManifest.xml:25:17-67
67                android:resource="@xml/provider_paths" />
67-->[com.pdftron:tools:7.1.1] AndroidManifest.xml:26:17-55
68        </provider>
69        <provider
69-->[com.pdftron:demo:7.1.1] AndroidManifest.xml:11:9-14:40
70            android:name="com.pdftron.demo.utils.PDFTronDemoInitializer"
70-->[com.pdftron:demo:7.1.1] AndroidManifest.xml:12:13-73
71            android:authorities="com.example.crimescene.pdftron-demo"
71-->[com.pdftron:demo:7.1.1] AndroidManifest.xml:13:13-64
72            android:exported="false" />
72-->[com.pdftron:demo:7.1.1] AndroidManifest.xml:14:13-37
73
74        <activity
74-->[com.google.android.gms:play-services-auth:18.0.0] AndroidManifest.xml:23:9-27:75
75            android:name="com.google.android.gms.auth.api.signin.internal.SignInHubActivity"
75-->[com.google.android.gms:play-services-auth:18.0.0] AndroidManifest.xml:24:13-93
76            android:excludeFromRecents="true"
76-->[com.google.android.gms:play-services-auth:18.0.0] AndroidManifest.xml:25:13-46
77            android:exported="false"
77-->[com.google.android.gms:play-services-auth:18.0.0] AndroidManifest.xml:26:13-37
78            android:theme="@android:style/Theme.Translucent.NoTitleBar" />
78-->[com.google.android.gms:play-services-auth:18.0.0] AndroidManifest.xml:27:13-72
79        <!--
80            Service handling Google Sign-In user revocation. For apps that do not integrate with
81            Google Sign-In, this service will never be started.
82        -->
83        <service
83-->[com.google.android.gms:play-services-auth:18.0.0] AndroidManifest.xml:33:9-36:110
84            android:name="com.google.android.gms.auth.api.signin.RevocationBoundService"
84-->[com.google.android.gms:play-services-auth:18.0.0] AndroidManifest.xml:34:13-89
85            android:exported="true"
85-->[com.google.android.gms:play-services-auth:18.0.0] AndroidManifest.xml:35:13-36
86            android:permission="com.google.android.gms.auth.api.signin.permission.REVOCATION_NOTIFICATION" />
86-->[com.google.android.gms:play-services-auth:18.0.0] AndroidManifest.xml:36:13-107
87
88        <activity
88-->[com.google.firebase:firebase-auth:19.3.0] AndroidManifest.xml:24:9-31:50
89            android:name="com.google.firebase.auth.internal.FederatedSignInActivity"
89-->[com.google.firebase:firebase-auth:19.3.0] AndroidManifest.xml:25:13-85
90            android:excludeFromRecents="true"
90-->[com.google.firebase:firebase-auth:19.3.0] AndroidManifest.xml:26:13-46
91            android:exported="true"
91-->[com.google.firebase:firebase-auth:19.3.0] AndroidManifest.xml:27:13-36
92            android:launchMode="singleTask"
92-->[com.google.firebase:firebase-auth:19.3.0] AndroidManifest.xml:28:13-44
93            android:permission="com.google.firebase.auth.api.gms.permission.LAUNCH_FEDERATED_SIGN_IN"
93-->[com.google.firebase:firebase-auth:19.3.0] AndroidManifest.xml:29:13-102
94            android:theme="@android:style/Theme.Translucent.NoTitleBar" />
94-->[com.google.firebase:firebase-auth:19.3.0] AndroidManifest.xml:30:13-72
95
96        <service
96-->[com.google.firebase:firebase-auth:19.3.0] AndroidManifest.xml:33:9-39:19
97            android:name="com.google.firebase.components.ComponentDiscoveryService"
97-->[com.google.firebase:firebase-auth:19.3.0] AndroidManifest.xml:34:13-84
98            android:directBootAware="true"
98-->[com.google.firebase:firebase-common:19.3.0] AndroidManifest.xml:34:13-43
99            android:exported="false" >
99-->[com.google.firebase:firebase-auth:19.3.0] AndroidManifest.xml:35:13-37
100            <meta-data
100-->[com.google.firebase:firebase-auth:19.3.0] AndroidManifest.xml:36:13-38:85
101                android:name="com.google.firebase.components:com.google.firebase.auth.FirebaseAuthRegistrar"
101-->[com.google.firebase:firebase-auth:19.3.0] AndroidManifest.xml:37:17-109
102                android:value="com.google.firebase.components.ComponentRegistrar" />
102-->[com.google.firebase:firebase-auth:19.3.0] AndroidManifest.xml:38:17-82
103            <meta-data
103-->[com.google.firebase:firebase-firestore:21.4.1] AndroidManifest.xml:20:13-22:85
104                android:name="com.google.firebase.components:com.google.firebase.firestore.FirestoreRegistrar"
104-->[com.google.firebase:firebase-firestore:21.4.1] AndroidManifest.xml:21:17-111
105                android:value="com.google.firebase.components.ComponentRegistrar" />
105-->[com.google.firebase:firebase-firestore:21.4.1] AndroidManifest.xml:22:17-82
106            <meta-data
106-->[com.google.android.gms:play-services-measurement-api:17.3.0] AndroidManifest.xml:30:13-32:85
107                android:name="com.google.firebase.components:com.google.firebase.analytics.connector.internal.AnalyticsConnectorRegistrar"
107-->[com.google.android.gms:play-services-measurement-api:17.3.0] AndroidManifest.xml:31:17-139
108                android:value="com.google.firebase.components.ComponentRegistrar" />
108-->[com.google.android.gms:play-services-measurement-api:17.3.0] AndroidManifest.xml:32:17-82
109            <meta-data
109-->[com.google.firebase:firebase-iid:20.0.2] AndroidManifest.xml:32:13-34:85
110                android:name="com.google.firebase.components:com.google.firebase.iid.Registrar"
110-->[com.google.firebase:firebase-iid:20.0.2] AndroidManifest.xml:33:17-96
111                android:value="com.google.firebase.components.ComponentRegistrar" />
111-->[com.google.firebase:firebase-iid:20.0.2] AndroidManifest.xml:34:17-82
112        </service>
113
114        <receiver
114-->[com.google.firebase:firebase-iid:20.0.2] AndroidManifest.xml:37:9-44:20
115            android:name="com.google.firebase.iid.FirebaseInstanceIdReceiver"
115-->[com.google.firebase:firebase-iid:20.0.2] AndroidManifest.xml:38:13-78
116            android:exported="true"
116-->[com.google.firebase:firebase-iid:20.0.2] AndroidManifest.xml:39:13-36
117            android:permission="com.google.android.c2dm.permission.SEND" >
117-->[com.google.firebase:firebase-iid:20.0.2] AndroidManifest.xml:40:13-73
118            <intent-filter>
118-->[com.google.firebase:firebase-iid:20.0.2] AndroidManifest.xml:41:13-43:29
119                <action android:name="com.google.android.c2dm.intent.RECEIVE" />
119-->[com.google.firebase:firebase-iid:20.0.2] AndroidManifest.xml:42:17-81
119-->[com.google.firebase:firebase-iid:20.0.2] AndroidManifest.xml:42:25-78
120            </intent-filter>
121        </receiver>
122
123        <activity
123-->[com.google.android.gms:play-services-base:17.1.0] AndroidManifest.xml:23:9-26:75
124            android:name="com.google.android.gms.common.api.GoogleApiActivity"
124-->[com.google.android.gms:play-services-base:17.1.0] AndroidManifest.xml:24:13-79
125            android:exported="false"
125-->[com.google.android.gms:play-services-base:17.1.0] AndroidManifest.xml:25:13-37
126            android:theme="@android:style/Theme.Translucent.NoTitleBar" />
126-->[com.google.android.gms:play-services-base:17.1.0] AndroidManifest.xml:26:13-72
127
128        <provider
128-->[com.google.firebase:firebase-common:19.3.0] AndroidManifest.xml:26:9-30:39
129            android:name="com.google.firebase.provider.FirebaseInitProvider"
129-->[com.google.firebase:firebase-common:19.3.0] AndroidManifest.xml:27:13-77
130            android:authorities="com.example.crimescene.firebaseinitprovider"
130-->[com.google.firebase:firebase-common:19.3.0] AndroidManifest.xml:28:13-72
131            android:exported="false"
131-->[com.google.firebase:firebase-common:19.3.0] AndroidManifest.xml:29:13-37
132            android:initOrder="100" />
132-->[com.google.firebase:firebase-common:19.3.0] AndroidManifest.xml:30:13-36
133
134        <receiver
134-->[com.google.android.gms:play-services-measurement:17.3.0] AndroidManifest.xml:29:9-33:20
135            android:name="com.google.android.gms.measurement.AppMeasurementReceiver"
135-->[com.google.android.gms:play-services-measurement:17.3.0] AndroidManifest.xml:30:13-85
136            android:enabled="true"
136-->[com.google.android.gms:play-services-measurement:17.3.0] AndroidManifest.xml:31:13-35
137            android:exported="false" >
137-->[com.google.android.gms:play-services-measurement:17.3.0] AndroidManifest.xml:32:13-37
138        </receiver>
139        <receiver
139-->[com.google.android.gms:play-services-measurement:17.3.0] AndroidManifest.xml:34:9-42:20
140            android:name="com.google.android.gms.measurement.AppMeasurementInstallReferrerReceiver"
140-->[com.google.android.gms:play-services-measurement:17.3.0] AndroidManifest.xml:35:13-100
141            android:enabled="true"
141-->[com.google.android.gms:play-services-measurement:17.3.0] AndroidManifest.xml:36:13-35
142            android:exported="true"
142-->[com.google.android.gms:play-services-measurement:17.3.0] AndroidManifest.xml:37:13-36
143            android:permission="android.permission.INSTALL_PACKAGES" >
143-->[com.google.android.gms:play-services-measurement:17.3.0] AndroidManifest.xml:38:13-69
144            <intent-filter>
144-->[com.google.android.gms:play-services-measurement:17.3.0] AndroidManifest.xml:39:13-41:29
145                <action android:name="com.android.vending.INSTALL_REFERRER" />
145-->[com.google.android.gms:play-services-measurement:17.3.0] AndroidManifest.xml:40:17-79
145-->[com.google.android.gms:play-services-measurement:17.3.0] AndroidManifest.xml:40:25-76
146            </intent-filter>
147        </receiver>
148
149        <service
149-->[com.google.android.gms:play-services-measurement:17.3.0] AndroidManifest.xml:44:9-47:40
150            android:name="com.google.android.gms.measurement.AppMeasurementService"
150-->[com.google.android.gms:play-services-measurement:17.3.0] AndroidManifest.xml:45:13-84
151            android:enabled="true"
151-->[com.google.android.gms:play-services-measurement:17.3.0] AndroidManifest.xml:46:13-35
152            android:exported="false" />
152-->[com.google.android.gms:play-services-measurement:17.3.0] AndroidManifest.xml:47:13-37
153        <service
153-->[com.google.android.gms:play-services-measurement:17.3.0] AndroidManifest.xml:48:9-52:72
154            android:name="com.google.android.gms.measurement.AppMeasurementJobService"
154-->[com.google.android.gms:play-services-measurement:17.3.0] AndroidManifest.xml:49:13-87
155            android:enabled="true"
155-->[com.google.android.gms:play-services-measurement:17.3.0] AndroidManifest.xml:50:13-35
156            android:exported="false"
156-->[com.google.android.gms:play-services-measurement:17.3.0] AndroidManifest.xml:51:13-37
157            android:permission="android.permission.BIND_JOB_SERVICE" />
157-->[com.google.android.gms:play-services-measurement:17.3.0] AndroidManifest.xml:52:13-69
158
159        <meta-data
159-->[com.google.android.gms:play-services-basement:17.1.1] AndroidManifest.xml:23:9-25:69
160            android:name="com.google.android.gms.version"
160-->[com.google.android.gms:play-services-basement:17.1.1] AndroidManifest.xml:24:13-58
161            android:value="@integer/google_play_services_version" />
161-->[com.google.android.gms:play-services-basement:17.1.1] AndroidManifest.xml:25:13-66
162
163        <service
163-->[androidx.room:room-runtime:2.1.0] AndroidManifest.xml:25:9-27:40
164            android:name="androidx.room.MultiInstanceInvalidationService"
164-->[androidx.room:room-runtime:2.1.0] AndroidManifest.xml:26:13-74
165            android:exported="false" />
165-->[androidx.room:room-runtime:2.1.0] AndroidManifest.xml:27:13-37
166
167        <provider
167-->[com.squareup.picasso:picasso:2.71828] AndroidManifest.xml:8:9-11:40
168            android:name="com.squareup.picasso.PicassoProvider"
168-->[com.squareup.picasso:picasso:2.71828] AndroidManifest.xml:9:13-64
169            android:authorities="com.example.crimescene.com.squareup.picasso"
169-->[com.squareup.picasso:picasso:2.71828] AndroidManifest.xml:10:13-72
170            android:exported="false" />
170-->[com.squareup.picasso:picasso:2.71828] AndroidManifest.xml:11:13-37
171        <provider
171-->[androidx.lifecycle:lifecycle-process:2.1.0] AndroidManifest.xml:23:9-27:43
172            android:name="androidx.lifecycle.ProcessLifecycleOwnerInitializer"
172-->[androidx.lifecycle:lifecycle-process:2.1.0] AndroidManifest.xml:24:13-79
173            android:authorities="com.example.crimescene.lifecycle-process"
173-->[androidx.lifecycle:lifecycle-process:2.1.0] AndroidManifest.xml:25:13-69
174            android:exported="false"
174-->[androidx.lifecycle:lifecycle-process:2.1.0] AndroidManifest.xml:26:13-37
175            android:multiprocess="true" />
175-->[androidx.lifecycle:lifecycle-process:2.1.0] AndroidManifest.xml:27:13-40
176    </application>
177
178</manifest>